Determining if the pthread_create exist failed with the following output:
Change Dir: /media/workspace/gtest-1.7.0/build/CMakeFiles/CMakeTmp

Run Build Command:/usr/bin/make "cmTryCompileExec4062638004/fast"
/usr/bin/make -f CMakeFiles/cmTryCompileExec4062638004.dir/build.make CMakeFiles/cmTryCompileExec4062638004.dir/build
make[1]: Entering directory `/media/workspace/gtest-1.7.0/build/CMakeFiles/CMakeTmp'
/usr/bin/cmake -E cmake_progress_report /media/workspace/gtest-1.7.0/build/CMakeFiles/CMakeTmp/CMakeFiles 1
Building C object CMakeFiles/cmTryCompileExec4062638004.dir/CheckSymbolExists.c.o
/usr/bin/gcc    -o CMakeFiles/cmTryCompileExec4062638004.dir/CheckSymbolExists.c.o   -c /media/workspace/gtest-1.7.0/build/CMakeFiles/CMakeTmp/CheckSymbolExists.c
Linking C executable cmTryCompileExec4062638004
/usr/bin/cmake -E cmake_link_script CMakeFiles/cmTryCompileExec4062638004.dir/link.txt --verbose=1
/usr/bin/gcc         CMakeFiles/cmTryCompileExec4062638004.dir/CheckSymbolExists.c.o  -o cmTryCompileExec4062638004 -rdynamic 
CMakeFiles/cmTryCompileExec4062638004.dir/CheckSymbolExists.c.o: In function `main':
CheckSymbolExists.c:(.text+0x38): undefined reference to `pthread_create'
collect2: ld returned 1 exit status
make[1]: Leaving directory `/media/workspace/gtest-1.7.0/build/CMakeFiles/CMakeTmp'
make[1]: *** [cmTryCompileExec4062638004] Error 1
make: *** [cmTryCompileExec4062638004/fast] Error 2

File /media/workspace/gtest-1.7.0/build/CMakeFiles/CMakeTmp/CheckSymbolExists.c:
/* */
#include <pthread.h>

int main(int argc, char** argv)
{
  (void)argv;
#ifndef pthread_create
  return ((int*)(&pthread_create))[argc];
#else
  (void)argc;
  return 0;
#endif
}

Determining if the function pthread_create exists in the pthreads failed with the following output:
Change Dir: /media/workspace/gtest-1.7.0/build/CMakeFiles/CMakeTmp

Run Build Command:/usr/bin/make "cmTryCompileExec190993370/fast"
/usr/bin/make -f CMakeFiles/cmTryCompileExec190993370.dir/build.make CMakeFiles/cmTryCompileExec190993370.dir/build
make[1]: Entering directory `/media/workspace/gtest-1.7.0/build/CMakeFiles/CMakeTmp'
/usr/bin/cmake -E cmake_progress_report /media/workspace/gtest-1.7.0/build/CMakeFiles/CMakeTmp/CMakeFiles 1
Building C object CMakeFiles/cmTryCompileExec190993370.dir/CheckFunctionExists.c.o
/usr/bin/gcc   -DCHECK_FUNCTION_EXISTS=pthread_create   -o CMakeFiles/cmTryCompileExec190993370.dir/CheckFunctionExists.c.o   -c /usr/share/cmake-2.8/Modules/CheckFunctionExists.c
Linking C executable cmTryCompileExec190993370
/usr/bin/cmake -E cmake_link_script CMakeFiles/cmTryCompileExec190993370.dir/link.txt --verbose=1
/usr/bin/gcc     -DCHECK_FUNCTION_EXISTS=pthread_create    CMakeFiles/cmTryCompileExec190993370.dir/CheckFunctionExists.c.o  -o cmTryCompileExec190993370 -rdynamic -lpthreads 
/usr/bin/ld: cannot find -lpthreads
collect2: ld returned 1 exit status
make[1]: Leaving directory `/media/workspace/gtest-1.7.0/build/CMakeFiles/CMakeTmp'
make[1]: *** [cmTryCompileExec190993370] Error 1
make: *** [cmTryCompileExec190993370/fast] Error 2


